{
  "RSpec": {
    "coverage": {
      "/Users/ziyaozheng/Makers_project/bookmark_project/app.rb": {
        "lines": [
          1,
          1,
          1,
          null,
          1,
          1,
          null,
          null,
          1,
          2,
          2,
          null,
          null,
          1,
          1,
          null,
          null,
          1,
          1,
          null,
          null,
          null,
          1,
          null,
          null,
          1,
          null,
          null
        ]
      },
      "/Users/ziyaozheng/Makers_project/bookmark_project/lib/bookmark.rb": {
        "lines": [
          1,
          null,
          1,
          1,
          null,
          1,
          15,
          15,
          15,
          null,
          null,
          1,
          3,
          3,
          null,
          null,
          0,
          null,
          null,
          null,
          3,
          null,
          10,
          7,
          null,
          null,
          null,
          1,
          null,
          8,
          8,
          null,
          0,
          null,
          null,
          8,
          8,
          null,
          null
        ]
      },
      "/Users/ziyaozheng/Makers_project/bookmark_project/spec/bookmark_spec.rb": {
        "lines": [
          1,
          1,
          null,
          1,
          1,
          1,
          1,
          null,
          1,
          1,
          1,
          null,
          1,
          1,
          1,
          1,
          1,
          1,
          null,
          null,
          null,
          null,
          1,
          1,
          1,
          1,
          null,
          1,
          1,
          1,
          1,
          null,
          null,
          null
        ]
      },
      "/Users/ziyaozheng/Makers_project/bookmark_project/spec/database_helper.rb": {
        "lines": [
          1,
          null,
          1,
          1,
          1,
          null,
          null
        ]
      },
      "/Users/ziyaozheng/Makers_project/bookmark_project/spec/features/creating_bookmarks_spec.rb": {
        "lines": [
          1,
          1,
          1,
          1,
          1,
          1,
          null,
          1,
          null,
          null,
          null
        ]
      },
      "/Users/ziyaozheng/Makers_project/bookmark_project/spec/features/viewing_bookmarks_spec.rb": {
        "lines": [
          1,
          1,
          1,
          1,
          null,
          null,
          1,
          1,
          1,
          1,
          null,
          null,
          null,
          1,
          1,
          1,
          1,
          null,
          null
        ]
      }
    },
    "timestamp": 1584022309
  }
}
